Flutter crash report.
Please report a bug at https://github.com/flutter/flutter/issues.

## command

flutter pub get --no-example

## exception

PathAccessException: PathAccessException: Deletion failed, path = 'C:\Users\ADMIN\Downloads\ATDM\atdm\windows\flutter\ephemeral\.plugin_symlinks' (OS Error: The process cannot access the file because it is being used by another process, errno = 32)

```
#0      _Directory._deleteSync (dart:io/directory_impl.dart:216:7)
#1      FileSystemEntity.deleteSync (dart:io/file_system_entity.dart:425:7)
#2      ForwardingFileSystemEntity.deleteSync (package:file/src/forwarding/forwarding_file_system_entity.dart:70:16)
#3      ErrorHandlingDirectory.deleteSync.<anonymous closure> (package:flutter_tools/src/base/error_handling_io.dart:451:22)
#4      _runSync (package:flutter_tools/src/base/error_handling_io.dart:552:14)
#5      ErrorHandlingDirectory.deleteSync (package:flutter_tools/src/base/error_handling_io.dart:450:12)
#6      ErrorHandlingFileSystem.deleteIfExists (package:flutter_tools/src/base/error_handling_io.dart:90:14)
#7      _createPlatformPluginSymlinks (package:flutter_tools/src/flutter_plugins.dart:1185:29)
#8      createPluginSymlinks (package:flutter_tools/src/flutter_plugins.dart:1116:5)
#9      refreshPluginsList (package:flutter_tools/src/flutter_plugins.dart:1248:5)
<asynchronous suspension>
#10     FlutterProject.ensureReadyForPlatformSpecificTooling (package:flutter_tools/src/project.dart:401:5)
<asynchronous suspension>
#11     PackagesGetCommand.runCommand (package:flutter_tools/src/commands/packages.dart:395:9)
<asynchronous suspension>
#12     FlutterCommand.run.<anonymous closure> (package:flutter_tools/src/runner/flutter_command.dart:1630:27)
<asynchronous suspension>
#13     AppContext.run.<anonymous closure> (package:flutter_tools/src/base/context.dart:154:19)
<asynchronous suspension>
#14     CommandRunner.runCommand (package:args/command_runner.dart:212:13)
<asynchronous suspension>
#15     FlutterCommandRunner.runCommand.<anonymous closure> (package:flutter_tools/src/runner/flutter_command_runner.dart:496:9)
<asynchronous suspension>
#16     AppContext.run.<anonymous closure> (package:flutter_tools/src/base/context.dart:154:19)
<asynchronous suspension>
#17     FlutterCommandRunner.runCommand (package:flutter_tools/src/runner/flutter_command_runner.dart:431:5)
<asynchronous suspension>
#18     FlutterCommandRunner.run.<anonymous closure> (package:flutter_tools/src/runner/flutter_command_runner.dart:307:33)
<asynchronous suspension>
#19     run.<anonymous closure>.<anonymous closure> (package:flutter_tools/runner.dart:104:11)
<asynchronous suspension>
#20     AppContext.run.<anonymous closure> (package:flutter_tools/src/base/context.dart:154:19)
<asynchronous suspension>
#21     main (package:flutter_tools/executable.dart:103:3)
<asynchronous suspension>
```

## flutter doctor

```
[✓] Flutter (Channel stable, 3.44.0, on Microsoft Windows [Version 10.0.19045.6466], locale en-US) [2.8s]
    • Flutter version 3.44.0 on channel stable at C:\flutter
    • Upstream repository https://github.com/flutter/flutter.git
    • Framework revision 559ffa3f75 (2 weeks ago), 2026-05-15 14:13:13 -0700
    • Engine revision 4c525dac5e
    • Dart version 3.12.0
    • DevTools version 2.57.0
    • Feature flags: enable-web, enable-linux-desktop, enable-macos-desktop, enable-windows-desktop, enable-android, enable-ios, cli-animations, enable-native-assets, enable-swift-package-manager, omit-legacy-version-file, enable-lldb-debugging, enable-uiscene-migration

[✓] Windows Version (10 Pro 64-bit, 22H2, 2009) [8.5s]

[✓] Android toolchain - develop for Android devices (Android SDK version 36.1.0) [18.6s]
    • Android SDK at C:\Users\ADMIN\AppData\Local\Android\sdk
    • Emulator version 36.5.11.0 (build_id 15261927) (CL:N/A)
    • Platform android-36.1, build-tools 36.1.0
    • Java binary at: C:\Program Files\Android\Android Studio\jbr\bin\java
      This is the JDK bundled with the latest Android Studio installation on this machine.
      To manually set the JDK path, use: `flutter config --jdk-dir="path/to/jdk"`.
    • Java version OpenJDK Runtime Environment (build 21.0.10+-14961533-b1163.108)
    • All Android licenses accepted.

[✓] Chrome - develop for the web [824ms]
    • Chrome at C:\Program Files\Google\Chrome\Application\chrome.exe

[✓] Visual Studio - develop Windows apps (Visual Studio Community 2026 Insiders [11819.209]) [819ms]
    • Visual Studio at C:\Program Files\Microsoft Visual Studio\18\Insiders
    • Visual Studio Community 2026 version 18.7.11819.209
    • The current Visual Studio installation is a pre-release version. It may not be supported by Flutter yet.
    • Windows 10 SDK version 10.0.26100.0

[✓] Connected device (3 available) [788ms]
    • Windows (desktop) • windows • windows-x64    • Microsoft Windows [Version 10.0.19045.6466]
    • Chrome (web)      • chrome  • web-javascript • Google Chrome 148.0.7778.179
    • Edge (web)        • edge    • web-javascript • Microsoft Edge 148.0.3967.83

[✓] Network resources [474ms]
    • All expected network resources are available.

• No issues found!
```
